2016-07-15 08:35:15 [ Timer-0 ] 文件服务器超过10秒没有收到来自存储服务器 ss1 的心跳包
 2016-07-15 08:35:15 [ Timer-0 ] 文件服务器将存储服务器 ss1 设置为dead
 2016-07-15 08:35:15 [ Timer-1 ] 文件服务器超过10秒没有收到来自存储服务器 ss2 的心跳包
 2016-07-15 08:35:15 [ Timer-1 ] 文件服务器将存储服务器 ss2 设置为dead
 2016-07-15 08:35:15 [ Timer-2 ] 文件服务器超过10秒没有收到来自存储服务器 ss3 的心跳包
 2016-07-15 08:35:15 [ Timer-2 ] 文件服务器将存储服务器 ss3 设置为dead
 2016-07-15 08:35:15 [ Timer-3 ] 文件服务器超过10秒没有收到来自存储服务器 ss4 的心跳包
 2016-07-15 08:35:15 [ Timer-3 ] 文件服务器将存储服务器 ss4 设置为dead
 2016-07-15 08:36:11 [ Thread-4 ] 文件服务器收到上传指令
 2016-07-15 08:37:01 [ Thread-5 ] 文件服务器收到上传指令
 2016-07-15 08:37:10 [ Thread-5 ] 文件服务器收到文件大小:72352686
 2016-07-15 08:37:22 [ Thread-5 ] 文件服务器接收到文件名称：a.rar
 2016-07-15 08:37:23 [ Thread-5 ] 文件服务器确认可以上传
 2016-07-15 08:37:24 [ Thread-5 ] 文件服务器开始连接选择的存储服务器
 2016-07-15 08:37:31 [ Thread-5 ] 文件服务器向存储服务器发送上传指令
 2016-07-15 08:37:35 [ Thread-5 ] 文件服务器向存储服务器发送文件大小
 2016-07-15 08:37:38 [ Thread-5 ] 文件服务器向存储服务器发送文件名称
 2016-07-15 08:38:04 [ Thread-5 ] 文件服务器向存储服务器发送文件uuid
 2016-07-15 08:38:32 [ Thread-4 ] 文件服务器收到文件大小:1028653056
 2016-07-15 08:38:37 [ Thread-4 ] 文件服务器接收到文件名称：ubuntu-14.04.1-desktop-amd64.iso
 2016-07-15 08:38:37 [ Thread-4 ] 文件服务器确认可以上传
 2016-07-15 08:38:37 [ Thread-4 ] 文件服务器开始连接选择的存储服务器
 2016-07-15 08:38:51 [ Thread-4 ] 文件服务器向存储服务器发送上传指令
 2016-07-15 08:38:53 [ Thread-4 ] 文件服务器向存储服务器发送文件大小
 2016-07-15 08:38:55 [ Thread-4 ] 文件服务器向存储服务器发送文件名称
 2016-07-15 08:39:34 [ Timer-0 ] 文件服务器超过10秒没有收到来自存储服务器 ss1 的心跳包
 2016-07-15 08:39:34 [ Timer-0 ] 文件服务器将存储服务器 ss1 设置为dead
 2016-07-15 08:39:34 [ Timer-1 ] 文件服务器超过10秒没有收到来自存储服务器 ss2 的心跳包
 2016-07-15 08:39:34 [ Timer-1 ] 文件服务器将存储服务器 ss2 设置为dead
 2016-07-15 08:39:34 [ Timer-2 ] 文件服务器超过10秒没有收到来自存储服务器 ss3 的心跳包
 2016-07-15 08:39:34 [ Timer-2 ] 文件服务器将存储服务器 ss3 设置为dead
 2016-07-15 08:39:34 [ Timer-3 ] 文件服务器超过10秒没有收到来自存储服务器 ss4 的心跳包
 2016-07-15 08:39:34 [ Timer-3 ] 文件服务器将存储服务器 ss4 设置为dead
 2016-07-15 08:39:39 [ Thread-4 ] 文件服务器收到上传指令
 2016-07-15 08:39:39 [ Thread-4 ] 文件服务器收到文件大小:72352686
 2016-07-15 08:39:39 [ Thread-4 ] 文件服务器接收到文件名称：a.rar
 2016-07-15 08:39:39 [ Thread-4 ] 文件服务器确认可以上传
 2016-07-15 08:39:39 [ Thread-4 ] 文件服务器开始连接选择的存储服务器
 2016-07-15 08:39:39 [ Thread-4 ] 文件服务器向存储服务器发送上传指令
 2016-07-15 08:39:39 [ Thread-4 ] 文件服务器向存储服务器发送文件大小
 2016-07-15 08:39:39 [ Thread-4 ] 文件服务器向存储服务器发送文件名称
 2016-07-15 08:39:39 [ Thread-4 ] 文件服务器向存储服务器发送文件uuid
 2016-07-15 08:39:42 [ Thread-5 ] 文件服务器收到上传指令
 2016-07-15 08:45:29 [ Thread-4 ] 文件服务器收到上传指令
 2016-07-15 08:45:29 [ Thread-4 ] 文件服务器收到文件大小:72352686
 2016-07-15 08:45:29 [ Thread-4 ] 文件服务器接收到文件名称：a.rar
 2016-07-15 08:45:29 [ Thread-4 ] 文件服务器确认可以上传
 2016-07-15 08:45:29 [ Thread-4 ] 文件服务器开始连接选择的存储服务器
 2016-07-15 08:45:29 [ Thread-4 ] 文件服务器向存储服务器发送上传指令
 2016-07-15 08:45:29 [ Thread-4 ] 文件服务器向存储服务器发送文件大小
 2016-07-15 08:45:29 [ Thread-4 ] 文件服务器向存储服务器发送文件名称
 2016-07-15 08:45:29 [ Thread-4 ] 文件服务器向存储服务器发送文件uuid
 2016-07-15 08:45:30 [ Timer-0 ] 文件服务器超过10秒没有收到来自存储服务器 ss1 的心跳包
 2016-07-15 08:45:30 [ Timer-0 ] 文件服务器将存储服务器 ss1 设置为dead
 2016-07-15 08:45:30 [ Timer-1 ] 文件服务器超过10秒没有收到来自存储服务器 ss2 的心跳包
 2016-07-15 08:45:30 [ Timer-1 ] 文件服务器将存储服务器 ss2 设置为dead
 2016-07-15 08:45:30 [ Timer-2 ] 文件服务器超过10秒没有收到来自存储服务器 ss3 的心跳包
 2016-07-15 08:45:30 [ Timer-2 ] 文件服务器将存储服务器 ss3 设置为dead
 2016-07-15 08:45:30 [ Timer-3 ] 文件服务器超过10秒没有收到来自存储服务器 ss4 的心跳包
 2016-07-15 08:45:30 [ Timer-3 ] 文件服务器将存储服务器 ss4 设置为dead
 2016-07-15 08:45:32 [ Thread-5 ] 文件服务器收到上传指令
 2016-07-15 08:45:32 [ Thread-5 ] 文件服务器收到文件大小:72352686
 2016-07-15 08:45:32 [ Thread-5 ] 文件服务器接收到文件名称：a.rar
 2016-07-15 08:45:32 [ Thread-5 ] 文件服务器确认可以上传
 2016-07-15 08:45:32 [ Thread-5 ] 文件服务器开始连接选择的存储服务器
 2016-07-15 08:45:32 [ Thread-5 ] 文件服务器向存储服务器发送上传指令
 2016-07-15 08:45:32 [ Thread-5 ] 文件服务器向存储服务器发送文件大小
 2016-07-15 08:45:32 [ Thread-5 ] 文件服务器向存储服务器发送文件名称
 2016-07-15 08:45:32 [ Thread-5 ] 文件服务器向存储服务器发送文件uuid
 2016-07-15 08:46:31 [ Thread-4 ] 文件服务器收到上传指令
 2016-07-15 08:46:31 [ Thread-4 ] 文件服务器收到文件大小:72352686
 2016-07-15 08:46:31 [ Thread-4 ] 文件服务器接收到文件名称：a.rar
 2016-07-15 08:46:31 [ Thread-4 ] 文件服务器确认可以上传
 2016-07-15 08:46:31 [ Thread-4 ] 文件服务器开始连接选择的存储服务器
 2016-07-15 08:46:31 [ Thread-4 ] 文件服务器向存储服务器发送上传指令
 2016-07-15 08:46:31 [ Thread-4 ] 文件服务器向存储服务器发送文件大小
 2016-07-15 08:46:31 [ Thread-4 ] 文件服务器向存储服务器发送文件名称
 2016-07-15 08:46:31 [ Thread-4 ] 文件服务器向存储服务器发送文件uuid
 2016-07-15 08:46:32 [ Timer-0 ] 文件服务器超过10秒没有收到来自存储服务器 ss1 的心跳包
 2016-07-15 08:46:32 [ Timer-0 ] 文件服务器将存储服务器 ss1 设置为dead
 2016-07-15 08:46:32 [ Timer-1 ] 文件服务器超过10秒没有收到来自存储服务器 ss2 的心跳包
 2016-07-15 08:46:32 [ Timer-1 ] 文件服务器将存储服务器 ss2 设置为dead
 2016-07-15 08:46:32 [ Timer-2 ] 文件服务器超过10秒没有收到来自存储服务器 ss3 的心跳包
 2016-07-15 08:46:32 [ Timer-2 ] 文件服务器将存储服务器 ss3 设置为dead
 2016-07-15 08:46:32 [ Timer-3 ] 文件服务器超过10秒没有收到来自存储服务器 ss4 的心跳包
 2016-07-15 08:46:32 [ Timer-3 ] 文件服务器将存储服务器 ss4 设置为dead
 2016-07-15 08:46:33 [ Thread-5 ] 文件服务器收到上传指令
 2016-07-15 08:46:33 [ Thread-5 ] 文件服务器收到文件大小:72352686
 2016-07-15 08:46:33 [ Thread-5 ] 文件服务器接收到文件名称：a.rar
 2016-07-15 08:46:33 [ Thread-5 ] 文件服务器确认可以上传
 2016-07-15 08:46:33 [ Thread-5 ] 文件服务器开始连接选择的存储服务器
 2016-07-15 08:46:33 [ Thread-5 ] 文件服务器向存储服务器发送上传指令
 2016-07-15 08:46:33 [ Thread-5 ] 文件服务器向存储服务器发送文件大小
 2016-07-15 08:46:33 [ Thread-5 ] 文件服务器向存储服务器发送文件名称
 2016-07-15 08:46:33 [ Thread-5 ] 文件服务器向存储服务器发送文件uuid
 2016-07-15 08:58:06 [ Thread-4 ] 文件服务器收到上传指令
 2016-07-15 08:58:06 [ Thread-4 ] 文件服务器收到文件大小:72352686
 2016-07-15 08:58:06 [ Thread-4 ] 文件服务器接收到文件名称：a.rar
 2016-07-15 08:58:06 [ Thread-4 ] 文件服务器确认可以上传
 2016-07-15 08:58:06 [ Thread-4 ] 文件服务器开始连接选择的存储服务器
 2016-07-15 08:58:06 [ Thread-4 ] 文件服务器向存储服务器发送上传指令
 2016-07-15 08:58:06 [ Thread-4 ] 文件服务器向存储服务器发送文件大小
 2016-07-15 08:58:06 [ Thread-4 ] 文件服务器向存储服务器发送文件名称
 2016-07-15 08:58:07 [ Thread-4 ] 文件服务器向存储服务器发送文件uuid
 2016-07-15 08:58:08 [ Thread-5 ] 文件服务器收到上传指令
 2016-07-15 08:58:08 [ Thread-5 ] 文件服务器收到文件大小:72352686
 2016-07-15 08:58:08 [ Thread-5 ] 文件服务器接收到文件名称：a.rar
 2016-07-15 08:58:08 [ Thread-5 ] 文件服务器确认可以上传
 2016-07-15 08:58:08 [ Thread-5 ] 文件服务器开始连接选择的存储服务器
 2016-07-15 08:58:08 [ Thread-5 ] 文件服务器向存储服务器发送上传指令
 2016-07-15 08:58:08 [ Thread-5 ] 文件服务器向存储服务器发送文件大小
 2016-07-15 08:58:08 [ Thread-5 ] 文件服务器向存储服务器发送文件名称
 2016-07-15 08:58:08 [ Thread-5 ] 文件服务器向存储服务器发送文件uuid
 2016-07-15 08:58:09 [ Timer-0 ] 文件服务器超过10秒没有收到来自存储服务器 ss1 的心跳包
 2016-07-15 08:58:09 [ Timer-0 ] 文件服务器将存储服务器 ss1 设置为dead
 2016-07-15 08:58:09 [ Timer-1 ] 文件服务器超过10秒没有收到来自存储服务器 ss2 的心跳包
 2016-07-15 08:58:09 [ Timer-1 ] 文件服务器将存储服务器 ss2 设置为dead
 2016-07-15 08:58:09 [ Timer-2 ] 文件服务器超过10秒没有收到来自存储服务器 ss3 的心跳包
 2016-07-15 08:58:09 [ Timer-2 ] 文件服务器将存储服务器 ss3 设置为dead
 2016-07-15 08:58:09 [ Timer-3 ] 文件服务器超过10秒没有收到来自存储服务器 ss4 的心跳包
 2016-07-15 08:58:09 [ Timer-3 ] 文件服务器将存储服务器 ss4 设置为dead
 2016-07-15 08:58:24 [ Thread-4 ] 文件服务器上传文件成功
 2016-07-15 08:58:26 [ Thread-4 ] 数据库插入文件表项成功
 2016-07-15 08:58:26 [ Thread-5 ] 文件服务器上传文件成功
 2016-07-15 08:58:29 [ Thread-4 ] 更改存储器大小成功
 2016-07-15 08:58:29 [ Thread-4 ] 文件服务器上传文件成功
 2016-07-15 08:58:30 [ Thread-5 ] 数据库插入文件表项成功
 2016-07-15 08:58:32 [ Thread-5 ] 更改存储器大小成功
 2016-07-15 08:58:32 [ Thread-5 ] 文件服务器上传文件成功
 2016-07-15 08:58:44 [ Thread-4 ] 文件服务器收到上传指令
 2016-07-15 08:58:44 [ Thread-4 ] 文件服务器收到文件大小:1028653056
 2016-07-15 08:58:45 [ Thread-4 ] 文件服务器上传文件失败
 2016-07-15 08:59:00 [ Thread-4 ] 文件服务器收到上传指令
 2016-07-15 08:59:00 [ Thread-4 ] 文件服务器收到文件大小:1028653056
 2016-07-15 08:59:00 [ Thread-4 ] 文件服务器接收到文件名称：ubuntu-14.04.1-desktop-amd64.iso
 2016-07-15 08:59:00 [ Thread-4 ] 文件服务器确认可以上传
 2016-07-15 08:59:00 [ Thread-4 ] 文件服务器开始连接选择的存储服务器
 2016-07-15 08:59:00 [ Thread-4 ] 文件服务器向存储服务器发送上传指令
 2016-07-15 08:59:00 [ Thread-4 ] 文件服务器向存储服务器发送文件大小
 2016-07-15 08:59:00 [ Thread-4 ] 文件服务器向存储服务器发送文件名称
 2016-07-15 08:59:00 [ Thread-4 ] 文件服务器向存储服务器发送文件uuid
 2016-07-15 08:59:03 [ Thread-5 ] 文件服务器收到上传指令
 2016-07-15 08:59:03 [ Thread-5 ] 文件服务器收到文件大小:1028653056
 2016-07-15 08:59:03 [ Thread-5 ] 文件服务器接收到文件名称：ubuntu-14.04.1-desktop-amd64.iso
 2016-07-15 08:59:03 [ Thread-5 ] 文件服务器确认可以上传
 2016-07-15 08:59:03 [ Thread-5 ] 文件服务器开始连接选择的存储服务器
 2016-07-15 08:59:03 [ Thread-5 ] 文件服务器向存储服务器发送上传指令
 2016-07-15 08:59:03 [ Thread-5 ] 文件服务器向存储服务器发送文件大小
 2016-07-15 08:59:03 [ Thread-5 ] 文件服务器向存储服务器发送文件名称
 2016-07-15 08:59:03 [ Thread-5 ] 文件服务器向存储服务器发送文件uuid
 2016-07-15 09:07:18 [ Thread-4 ] 文件服务器收到上传指令
 2016-07-15 09:07:18 [ Thread-4 ] 文件服务器收到文件大小:1028653056
 2016-07-15 09:07:18 [ Thread-4 ] 文件服务器接收到文件名称：ubuntu-14.04.1-desktop-amd64.iso
 2016-07-15 09:07:18 [ Thread-4 ] 文件服务器确认可以上传
 2016-07-15 09:07:18 [ Thread-4 ] 文件服务器开始连接选择的存储服务器
 2016-07-15 09:07:18 [ Thread-4 ] 文件服务器向存储服务器发送上传指令
 2016-07-15 09:07:18 [ Thread-4 ] 文件服务器向存储服务器发送文件大小
 2016-07-15 09:07:18 [ Thread-4 ] 文件服务器向存储服务器发送文件名称
 2016-07-15 09:07:19 [ Thread-4 ] 文件服务器向存储服务器发送文件uuid
 2016-07-15 09:07:21 [ Timer-0 ] 文件服务器超过10秒没有收到来自存储服务器 ss1 的心跳包
 2016-07-15 09:07:21 [ Timer-0 ] 文件服务器将存储服务器 ss1 设置为dead
 2016-07-15 09:07:21 [ Timer-2 ] 文件服务器超过10秒没有收到来自存储服务器 ss3 的心跳包
 2016-07-15 09:07:21 [ Timer-2 ] 文件服务器将存储服务器 ss3 设置为dead
 2016-07-15 09:07:21 [ Timer-1 ] 文件服务器超过10秒没有收到来自存储服务器 ss2 的心跳包
 2016-07-15 09:07:21 [ Timer-1 ] 文件服务器将存储服务器 ss2 设置为dead
 2016-07-15 09:07:21 [ Timer-3 ] 文件服务器超过10秒没有收到来自存储服务器 ss4 的心跳包
 2016-07-15 09:07:21 [ Timer-3 ] 文件服务器将存储服务器 ss4 设置为dead
 2016-07-15 09:08:18 [ Thread-5 ] 文件服务器收到上传指令
 2016-07-15 09:08:18 [ Thread-5 ] 文件服务器收到文件大小:1028653056
 2016-07-15 09:08:18 [ Thread-5 ] 文件服务器接收到文件名称：ubuntu-14.04.1-desktop-amd64.iso
 2016-07-15 09:08:18 [ Thread-5 ] 文件服务器确认可以上传
 2016-07-15 09:08:18 [ Thread-5 ] 文件服务器开始连接选择的存储服务器
 2016-07-15 09:08:18 [ Thread-5 ] 文件服务器向存储服务器发送上传指令
 2016-07-15 09:08:18 [ Thread-5 ] 文件服务器向存储服务器发送文件大小
 2016-07-15 09:08:18 [ Thread-5 ] 文件服务器向存储服务器发送文件名称
 2016-07-15 09:08:18 [ Thread-5 ] 文件服务器向存储服务器发送文件uuid
 2016-07-15 09:11:14 [ Thread-4 ] 文件服务器收到上传指令
 2016-07-15 09:11:14 [ Thread-4 ] 文件服务器收到文件大小:1028653056
 2016-07-15 09:11:14 [ Thread-4 ] 文件服务器接收到文件名称：ubuntu-14.04.1-desktop-amd64.iso
 2016-07-15 09:11:14 [ Thread-4 ] 文件服务器确认可以上传
 2016-07-15 09:11:14 [ Thread-4 ] 文件服务器开始连接选择的存储服务器
 2016-07-15 09:11:14 [ Thread-4 ] 文件服务器向存储服务器发送上传指令
 2016-07-15 09:11:14 [ Thread-4 ] 文件服务器向存储服务器发送文件大小
 2016-07-15 09:11:14 [ Thread-4 ] 文件服务器向存储服务器发送文件名称
 2016-07-15 09:11:14 [ Thread-4 ] 文件服务器向存储服务器发送文件uuid
 2016-07-15 09:11:16 [ Timer-0 ] 文件服务器超过10秒没有收到来自存储服务器 ss1 的心跳包
 2016-07-15 09:11:16 [ Timer-0 ] 文件服务器将存储服务器 ss1 设置为dead
 2016-07-15 09:11:16 [ Timer-1 ] 文件服务器超过10秒没有收到来自存储服务器 ss2 的心跳包
 2016-07-15 09:11:16 [ Timer-1 ] 文件服务器将存储服务器 ss2 设置为dead
 2016-07-15 09:11:16 [ Timer-2 ] 文件服务器超过10秒没有收到来自存储服务器 ss3 的心跳包
 2016-07-15 09:11:16 [ Timer-2 ] 文件服务器将存储服务器 ss3 设置为dead
 2016-07-15 09:11:17 [ Timer-3 ] 文件服务器超过10秒没有收到来自存储服务器 ss4 的心跳包
 2016-07-15 09:11:17 [ Timer-3 ] 文件服务器将存储服务器 ss4 设置为dead
 2016-07-15 09:12:41 [ Thread-5 ] 文件服务器收到存储服务器 ss1 发来的心跳包
 2016-07-15 09:12:44 [ Thread-5 ] 文件服务器收到存储服务器 ss2 发来的心跳包
 2016-07-15 09:12:46 [ Thread-5 ] 文件服务器收到存储服务器 ss3 发来的心跳包
 2016-07-15 09:12:46 [ Thread-5 ] 文件服务器收到存储服务器 ss1 发来的心跳包
 2016-07-15 09:12:48 [ Thread-5 ] 文件服务器收到存储服务器 ss4 发来的心跳包
 2016-07-15 09:12:49 [ Thread-5 ] 文件服务器收到存储服务器 ss2 发来的心跳包
 2016-07-15 09:12:51 [ Thread-5 ] 文件服务器收到存储服务器 ss3 发来的心跳包
 2016-07-15 09:12:51 [ Thread-5 ] 文件服务器收到存储服务器 ss1 发来的心跳包
 2016-07-15 09:12:53 [ Thread-5 ] 文件服务器收到存储服务器 ss4 发来的心跳包
 2016-07-15 09:12:54 [ Thread-5 ] 文件服务器收到存储服务器 ss2 发来的心跳包
 2016-07-15 09:12:56 [ Thread-5 ] 文件服务器收到存储服务器 ss3 发来的心跳包
 2016-07-15 09:12:56 [ Thread-5 ] 文件服务器收到存储服务器 ss1 发来的心跳包
 2016-07-15 09:12:58 [ Thread-5 ] 文件服务器收到存储服务器 ss4 发来的心跳包
 2016-07-15 09:12:59 [ Thread-5 ] 文件服务器收到存储服务器 ss2 发来的心跳包
 2016-07-15 09:13:01 [ Thread-5 ] 文件服务器收到存储服务器 ss3 发来的心跳包
 2016-07-15 09:13:01 [ Thread-5 ] 文件服务器收到存储服务器 ss1 发来的心跳包
 2016-07-15 09:13:03 [ Thread-5 ] 文件服务器收到存储服务器 ss4 发来的心跳包
 2016-07-15 09:13:04 [ Thread-5 ] 文件服务器收到存储服务器 ss2 发来的心跳包
 2016-07-15 09:13:06 [ Thread-5 ] 文件服务器收到存储服务器 ss3 发来的心跳包
 2016-07-15 09:13:06 [ Thread-5 ] 文件服务器收到存储服务器 ss1 发来的心跳包
 2016-07-15 09:13:08 [ Thread-5 ] 文件服务器收到存储服务器 ss4 发来的心跳包
 2016-07-15 09:13:09 [ Thread-5 ] 文件服务器收到存储服务器 ss2 发来的心跳包
 2016-07-15 09:13:11 [ Thread-5 ] 文件服务器收到存储服务器 ss3 发来的心跳包
 2016-07-15 09:13:11 [ Thread-5 ] 文件服务器收到存储服务器 ss1 发来的心跳包
 2016-07-15 09:13:13 [ Thread-5 ] 文件服务器收到存储服务器 ss4 发来的心跳包
 2016-07-15 09:13:14 [ Thread-5 ] 文件服务器收到存储服务器 ss2 发来的心跳包
 2016-07-15 09:14:28 [ Thread-4 ] 文件服务器收到上传指令
 2016-07-15 09:14:28 [ Thread-4 ] 文件服务器收到文件大小:1028653056
 2016-07-15 09:14:28 [ Thread-4 ] 文件服务器接收到文件名称：ubuntu-14.04.1-desktop-amd64.iso
 2016-07-15 09:14:28 [ Thread-4 ] 文件服务器确认可以上传
 2016-07-15 09:14:28 [ Thread-4 ] 文件服务器开始连接选择的存储服务器
 2016-07-15 09:14:28 [ Thread-4 ] 文件服务器向存储服务器发送上传指令
 2016-07-15 09:14:28 [ Thread-4 ] 文件服务器向存储服务器发送文件大小
 2016-07-15 09:14:28 [ Thread-4 ] 文件服务器向存储服务器发送文件名称
 2016-07-15 09:14:28 [ Thread-4 ] 文件服务器向存储服务器发送文件uuid
 2016-07-15 09:14:36 [ Thread-5 ] 文件服务器收到上传指令
 2016-07-15 09:14:36 [ Thread-5 ] 文件服务器收到文件大小:72352686
 2016-07-15 09:14:36 [ Thread-5 ] 文件服务器接收到文件名称：a.rar
 2016-07-15 09:14:36 [ Thread-5 ] 文件服务器确认可以上传
 2016-07-15 09:14:36 [ Thread-5 ] 文件服务器开始连接选择的存储服务器
 2016-07-15 09:14:36 [ Thread-5 ] 文件服务器向存储服务器发送上传指令
 2016-07-15 09:14:36 [ Thread-5 ] 文件服务器向存储服务器发送文件大小
 2016-07-15 09:14:36 [ Thread-5 ] 文件服务器向存储服务器发送文件名称
 2016-07-15 09:14:36 [ Thread-5 ] 文件服务器向存储服务器发送文件uuid
 2016-07-15 09:14:37 [ Thread-5 ] 文件服务器上传文件成功
 2016-07-15 09:14:38 [ Thread-5 ] 数据库插入文件表项成功
 2016-07-15 09:14:39 [ Thread-5 ] 更改存储器大小成功
 2016-07-15 09:14:39 [ Thread-5 ] 文件服务器上传文件成功
 2016-07-15 09:15:31 [ Thread-4 ] 文件服务器上传文件成功
 2016-07-15 09:15:37 [ Thread-4 ] 数据库插入文件表项成功
 2016-07-15 09:15:37 [ Thread-4 ] 更改存储器大小成功
 2016-07-15 09:15:37 [ Thread-4 ] 文件服务器上传文件成功
 2016-07-15 09:48:51 [ Timer-127 ] 文件服务器超过10秒没有收到来自存储服务器 ss3 的心跳包
 2016-07-15 09:48:51 [ Timer-127 ] 文件服务器将存储服务器 ss3 设置为dead
 2016-07-15 09:48:53 [ Timer-129 ] 文件服务器超过10秒没有收到来自存储服务器 ss4 的心跳包
 2016-07-15 09:48:53 [ Timer-129 ] 文件服务器将存储服务器 ss4 设置为dead
 2016-07-15 09:48:54 [ Timer-130 ] 文件服务器超过10秒没有收到来自存储服务器 ss2 的心跳包
 2016-07-15 09:48:54 [ Timer-130 ] 文件服务器将存储服务器 ss2 设置为dead
 2016-07-15 09:48:57 [ Timer-131 ] 文件服务器超过10秒没有收到来自存储服务器 ss1 的心跳包
 2016-07-15 09:48:57 [ Timer-131 ] 文件服务器将存储服务器 ss1 设置为dead
 2016-07-15 09:54:50 [ Timer-1 ] 文件服务器超过10秒没有收到来自存储服务器 ss2 的心跳包
 2016-07-15 09:54:50 [ Timer-1 ] 文件服务器将存储服务器 ss2 设置为dead
 2016-07-15 09:54:50 [ Timer-2 ] 文件服务器超过10秒没有收到来自存储服务器 ss3 的心跳包
 2016-07-15 09:54:50 [ Timer-2 ] 文件服务器将存储服务器 ss3 设置为dead
 2016-07-15 09:54:50 [ Timer-3 ] 文件服务器超过10秒没有收到来自存储服务器 ss4 的心跳包
 2016-07-15 09:54:50 [ Timer-3 ] 文件服务器将存储服务器 ss4 设置为dead
 2016-07-15 09:55:04 [ Thread-4 ] 文件服务器收到上传指令
 2016-07-15 09:55:04 [ Thread-4 ] 文件服务器收到文件大小:72352686
 2016-07-15 09:55:04 [ Thread-4 ] 文件服务器上传文件失败
 2016-07-15 09:56:09 [ Thread-4 ] 文件服务器收到上传指令
 2016-07-15 09:56:09 [ Thread-4 ] 文件服务器收到文件大小:72352686
 2016-07-15 09:56:09 [ Thread-4 ] 文件服务器接收到文件名称：a.rar
 2016-07-15 09:56:09 [ Thread-4 ] 文件服务器确认可以上传
 2016-07-15 09:56:09 [ Thread-4 ] 文件服务器开始连接选择的存储服务器
 2016-07-15 09:56:09 [ Thread-4 ] 文件服务器向存储服务器发送上传指令
 2016-07-15 09:56:09 [ Thread-4 ] 文件服务器向存储服务器发送文件大小
 2016-07-15 09:56:09 [ Thread-4 ] 文件服务器向存储服务器发送文件名称
 2016-07-15 09:56:09 [ Thread-4 ] 文件服务器向存储服务器发送文件uuid
 2016-07-15 09:56:10 [ Thread-4 ] 文件服务器上传文件成功
 2016-07-15 09:56:11 [ Thread-4 ] 数据库插入文件表项成功
 2016-07-15 09:56:11 [ Thread-4 ] 更改存储器大小成功
 2016-07-15 09:56:11 [ Thread-4 ] 文件服务器上传文件成功
 2016-07-15 09:59:31 [ Thread-4 ] 文件服务器收到下载指令
 2016-07-15 09:59:31 [ Thread-4 ] 文件服务器收到文件uuid：276057ff-ad24-4b66-b578-17aae59d7173
 2016-07-15 09:59:31 [ Thread-4 ] 文件服务器查找后台得到文件信息：SFile [backStorageServerId=2, backFullName=F://ss//ss2//276057ff-ad24-4b66-b578-17aae59d7173+a.rar, fullName=F://ss//ss1//276057ff-ad24-4b66-b578-17aae59d7173+a.rar, name=a.rar, uuid=276057ff-ad24-4b66-b578-17aae59d7173, storageServerId=1, size=72352686]
 2016-07-15 09:59:31 [ Thread-4 ] 文件服务器发送文件名给客户端
 2016-07-15 09:59:31 [ Thread-4 ] 文件服务器发送文件大小给客户端
 2016-07-15 09:59:31 [ Thread-4 ] 文件服务器开始连接文件所在存储服务器
	:StorageServer [isAlive=true, ipAddress=localhost, id=1, name=ss1, port=5555, maxVolume=1073741824, leftVolume=1001389138, storageDir=F://ss//ss1]
 2016-07-15 09:59:31 [ Thread-4 ] 文件服务器发送文件下载指令给存储服务器
 2016-07-15 09:59:31 [ Thread-4 ] 文件服务器发送文件名称和路径给存储服务器
 2016-07-15 09:59:31 [ Thread-4 ] 文件服务器开始将从客户端接收的文件发送给存储服务器
 2016-07-15 09:59:32 [ Thread-4 ] 文件下载成功
 2016-07-15 09:59:32 [ Thread-4 ] 文件服务器下载文件成功
 2016-07-15 10:00:06 [ Thread-4 ] 文件服务器收到重命名指令
 2016-07-15 10:00:06 [ Thread-4 ] 文件服务器收到文件uuid:276057ff-ad24-4b66-b578-17aae59d7173
 2016-07-15 10:00:06 [ Thread-4 ] 文件服务器收到文件新的名称:aa.rar
 2016-07-15 10:00:06 [ Thread-4 ] 文件服务器查找后台得到文件信息：SFile [backStorageServerId=2, backFullName=F://ss//ss2//276057ff-ad24-4b66-b578-17aae59d7173+a.rar, fullName=F://ss//ss1//276057ff-ad24-4b66-b578-17aae59d7173+a.rar, name=a.rar, uuid=276057ff-ad24-4b66-b578-17aae59d7173, storageServerId=1, size=72352686]
 2016-07-15 10:00:06 [ Thread-4 ] 文件服务器开始连接文件所在存储服务器
	：StorageServer [isAlive=true, ipAddress=localhost, id=1, name=ss1, port=5555, maxVolume=1073741824, leftVolume=1001389138, storageDir=F://ss//ss1]
 2016-07-15 10:00:06 [ Thread-4 ] 文件服务器发送重命名指令给存储服务器
 2016-07-15 10:00:06 [ Thread-4 ] 文件服务器发送文件全名给存储服务器
 2016-07-15 10:00:06 [ Thread-4 ] 文件服务器发送文件新名给存储服务器
 2016-07-15 10:00:06 [ Thread-4 ] 文件服务器发送文件uuid给存储服务器
 2016-07-15 10:00:06 [ Thread-4 ] 文件服务器收到存储服务器文件重命名的确认信息
 2016-07-15 10:01:51 [ Thread-5 ] 文件服务器收到删除指令
 2016-07-15 10:01:51 [ Thread-5 ] 文件服务器收到文件uuid:276057ff-ad24-4b66-b578-17aae59d7173
 2016-07-15 10:01:51 [ Thread-5 ] 文件服务器查找后台得到文件信息：SFile [backStorageServerId=2, backFullName=F://ss//ss2//276057ff-ad24-4b66-b578-17aae59d7173+a.rar, fullName=F://ss//ss1//276057ff-ad24-4b66-b578-17aae59d7173+a.rar, name=a.rar, uuid=276057ff-ad24-4b66-b578-17aae59d7173, storageServerId=1, size=72352686]
 2016-07-15 10:01:51 [ Thread-5 ] 文件服务器开始连接文件所在存储服务器
	：StorageServer [isAlive=true, ipAddress=localhost, id=1, name=ss1, port=5555, maxVolume=1073741824, leftVolume=1001389138, storageDir=F://ss//ss1]
StorageServer [isAlive=true, ipAddress=localhost, id=2, name=ss2, port=6666, maxVolume=1073741824, leftVolume=1001389138, storageDir=F://ss//ss2]
 2016-07-15 10:01:51 [ Thread-5 ] 文件服务器发送删除指令给存储服务器
 2016-07-15 10:01:51 [ Thread-5 ] 文件服务器发送文件全名给存储服务器
 2016-07-15 10:03:36 [ Thread-6 ] 文件服务器收到上传指令
 2016-07-15 10:03:36 [ Thread-6 ] 文件服务器收到文件大小:72352686
 2016-07-15 10:03:36 [ Thread-6 ] 文件服务器接收到文件名称：a.rar
 2016-07-15 10:03:36 [ Thread-6 ] 文件服务器确认可以上传
 2016-07-15 10:03:36 [ Thread-6 ] 文件服务器开始连接选择的存储服务器
 2016-07-15 10:03:36 [ Thread-6 ] 文件服务器向存储服务器发送上传指令
 2016-07-15 10:03:36 [ Thread-6 ] 文件服务器向存储服务器发送文件大小
 2016-07-15 10:03:36 [ Thread-6 ] 文件服务器向存储服务器发送文件名称
 2016-07-15 10:03:36 [ Thread-6 ] 文件服务器向存储服务器发送文件uuid
 2016-07-15 10:03:38 [ Thread-6 ] 文件服务器上传文件成功
 2016-07-15 10:03:38 [ Thread-6 ] 数据库插入文件表项成功
 2016-07-15 10:03:38 [ Thread-6 ] 更改存储器大小成功
 2016-07-15 10:03:38 [ Thread-6 ] 文件服务器上传文件成功
 